[2026-07-07T05:46:04.320+0000] {manager.py:483} INFO - Processing files using up to 2 processes at a time 
[2026-07-07T05:46:04.327+0000] {manager.py:484} INFO - Process each file at most once every 30 seconds
[2026-07-07T05:46:04.329+0000] {manager.py:485} INFO - Checking for new files in /opt/airflow/dags every 300 seconds
[2026-07-07T05:46:04.332+0000] {manager.py:821} INFO - Searching for files in /opt/airflow/dags
[2026-07-07T05:46:04.362+0000] {manager.py:824} INFO - There are 1 files in /opt/airflow/dags
[2026-07-07T05:46:04.620+0000] {manager.py:997} INFO - 
================================================================================
DAG File Processing Stats

File Path                                  PID  Runtime      # DAGs    # Errors  Last Runtime    Last Run      Last # of DB Queries
---------------------------------------  -----  ---------  --------  ----------  --------------  ----------  ----------------------
/opt/airflow/dags/ecommerce_pipeline.py    171  0.07s             0           0                                                   0
================================================================================
[2026-07-07T05:46:34.771+0000] {manager.py:997} INFO - 
================================================================================
DAG File Processing Stats

File Path                                PID    Runtime      # DAGs    # Errors  Last Runtime    Last Run               Last # of DB Queries
---------------------------------------  -----  ---------  --------  ----------  --------------  -------------------  ----------------------
/opt/airflow/dags/ecommerce_pipeline.py                           1           0  0.90s           2026-07-07T05:46:05                      45
================================================================================
[2026-07-07T05:47:05.474+0000] {manager.py:997} INFO - 
================================================================================
DAG File Processing Stats

File Path                                PID    Runtime      # DAGs    # Errors  Last Runtime    Last Run               Last # of DB Queries
---------------------------------------  -----  ---------  --------  ----------  --------------  -------------------  ----------------------
/opt/airflow/dags/ecommerce_pipeline.py                           1           0  2.09s           2026-07-07T05:46:37                      12
================================================================================
[2026-07-07T05:47:36.025+0000] {manager.py:997} INFO - 
================================================================================
DAG File Processing Stats

File Path                                PID    Runtime      # DAGs    # Errors  Last Runtime    Last Run               Last # of DB Queries
---------------------------------------  -----  ---------  --------  ----------  --------------  -------------------  ----------------------
/opt/airflow/dags/ecommerce_pipeline.py                           1           0  0.52s           2026-07-07T05:47:09                      12
================================================================================
[2026-07-07T05:48:06.279+0000] {manager.py:997} INFO - 
================================================================================
DAG File Processing Stats

File Path                                PID    Runtime      # DAGs    # Errors  Last Runtime    Last Run               Last # of DB Queries
---------------------------------------  -----  ---------  --------  ----------  --------------  -------------------  ----------------------
/opt/airflow/dags/ecommerce_pipeline.py                           1           0  0.40s           2026-07-07T05:47:39                      12
================================================================================
[2026-07-07T05:48:36.370+0000] {manager.py:997} INFO - 
================================================================================
DAG File Processing Stats

File Path                                PID    Runtime      # DAGs    # Errors  Last Runtime    Last Run               Last # of DB Queries
---------------------------------------  -----  ---------  --------  ----------  --------------  -------------------  ----------------------
/opt/airflow/dags/ecommerce_pipeline.py                           1           0  0.28s           2026-07-07T05:48:10                      12
================================================================================
[2026-07-07T05:49:06.972+0000] {manager.py:997} INFO - 
================================================================================
DAG File Processing Stats

File Path                                PID    Runtime      # DAGs    # Errors  Last Runtime    Last Run               Last # of DB Queries
---------------------------------------  -----  ---------  --------  ----------  --------------  -------------------  ----------------------
/opt/airflow/dags/ecommerce_pipeline.py                           1           0  0.25s           2026-07-07T05:48:40                      12
================================================================================
[2026-07-07T05:49:37.234+0000] {manager.py:997} INFO - 
================================================================================
DAG File Processing Stats

File Path                                PID    Runtime      # DAGs    # Errors  Last Runtime    Last Run               Last # of DB Queries
---------------------------------------  -----  ---------  --------  ----------  --------------  -------------------  ----------------------
/opt/airflow/dags/ecommerce_pipeline.py                           1           0  0.86s           2026-07-07T05:49:11                      12
================================================================================
[2026-07-07T05:50:07.384+0000] {manager.py:997} INFO - 
================================================================================
DAG File Processing Stats

File Path                                PID    Runtime      # DAGs    # Errors  Last Runtime    Last Run               Last # of DB Queries
---------------------------------------  -----  ---------  --------  ----------  --------------  -------------------  ----------------------
/opt/airflow/dags/ecommerce_pipeline.py                           1           0  0.77s           2026-07-07T05:49:43                      12
================================================================================
[2026-07-07T05:50:37.455+0000] {manager.py:997} INFO - 
================================================================================
DAG File Processing Stats

File Path                                PID    Runtime      # DAGs    # Errors  Last Runtime    Last Run               Last # of DB Queries
---------------------------------------  -----  ---------  --------  ----------  --------------  -------------------  ----------------------
/opt/airflow/dags/ecommerce_pipeline.py                           1           0  0.70s           2026-07-07T05:50:14                      12
================================================================================
[2026-07-07T05:51:04.841+0000] {manager.py:821} INFO - Searching for files in /opt/airflow/dags
[2026-07-07T05:51:04.882+0000] {manager.py:824} INFO - There are 1 files in /opt/airflow/dags
[2026-07-07T05:51:07.966+0000] {manager.py:997} INFO - 
================================================================================
DAG File Processing Stats

File Path                                PID    Runtime      # DAGs    # Errors  Last Runtime    Last Run               Last # of DB Queries
---------------------------------------  -----  ---------  --------  ----------  --------------  -------------------  ----------------------
/opt/airflow/dags/ecommerce_pipeline.py                           1           0  0.26s           2026-07-07T05:50:44                      12
================================================================================
[2026-07-07T05:51:38.388+0000] {manager.py:997} INFO - 
================================================================================
DAG File Processing Stats

File Path                                PID    Runtime      # DAGs    # Errors  Last Runtime    Last Run               Last # of DB Queries
---------------------------------------  -----  ---------  --------  ----------  --------------  -------------------  ----------------------
/opt/airflow/dags/ecommerce_pipeline.py                           1           0  0.27s           2026-07-07T05:51:15                      12
================================================================================
[2026-07-07T05:52:09.102+0000] {manager.py:997} INFO - 
================================================================================
DAG File Processing Stats

File Path                                PID    Runtime      # DAGs    # Errors  Last Runtime    Last Run               Last # of DB Queries
---------------------------------------  -----  ---------  --------  ----------  --------------  -------------------  ----------------------
/opt/airflow/dags/ecommerce_pipeline.py                           1           0  1.19s           2026-07-07T05:52:02                      34
================================================================================
[2026-07-07T05:52:39.181+0000] {manager.py:997} INFO - 
================================================================================
DAG File Processing Stats

File Path                                PID    Runtime      # DAGs    # Errors  Last Runtime    Last Run               Last # of DB Queries
---------------------------------------  -----  ---------  --------  ----------  --------------  -------------------  ----------------------
/opt/airflow/dags/ecommerce_pipeline.py                           1           0  0.55s           2026-07-07T05:52:34                      34
================================================================================
[2026-07-07T05:52:53.772+0000] {manager.py:465} INFO - Exiting gracefully upon receiving signal 15
