[2026-07-07T05:46:04.620+0000] {processor.py:186} INFO - Started process (PID=171) to work on /opt/airflow/dags/ecommerce_pipeline.py
[2026-07-07T05:46:04.623+0000] {processor.py:914} INFO - Processing file /opt/airflow/dags/ecommerce_pipeline.py for tasks to queue
[2026-07-07T05:46:04.631+0000] {logging_mixin.py:190} INFO - [2026-07-07T05:46:04.630+0000] {dagbag.py:588} INFO - Filling up the DagBag from /opt/airflow/dags/ecommerce_pipeline.py
[2026-07-07T05:46:04.739+0000] {processor.py:925} INFO - DAG(s) 'global_ecommerce_pipeline' retrieved from /opt/airflow/dags/ecommerce_pipeline.py
[2026-07-07T05:46:05.164+0000] {logging_mixin.py:190} INFO - [2026-07-07T05:46:05.163+0000] {override.py:1912} INFO - Created Permission View: can edit on DAG:global_ecommerce_pipeline
[2026-07-07T05:46:05.182+0000] {logging_mixin.py:190} INFO - [2026-07-07T05:46:05.182+0000] {override.py:1912} INFO - Created Permission View: can read on DAG:global_ecommerce_pipeline
[2026-07-07T05:46:05.198+0000] {logging_mixin.py:190} INFO - [2026-07-07T05:46:05.197+0000] {override.py:1912} INFO - Created Permission View: can delete on DAG:global_ecommerce_pipeline
[2026-07-07T05:46:05.216+0000] {logging_mixin.py:190} INFO - [2026-07-07T05:46:05.215+0000] {override.py:1912} INFO - Created Permission View: menu access on DAG Run:global_ecommerce_pipeline
[2026-07-07T05:46:05.234+0000] {logging_mixin.py:190} INFO - [2026-07-07T05:46:05.234+0000] {override.py:1912} INFO - Created Permission View: can read on DAG Run:global_ecommerce_pipeline
[2026-07-07T05:46:05.249+0000] {logging_mixin.py:190} INFO - [2026-07-07T05:46:05.249+0000] {override.py:1912} INFO - Created Permission View: can create on DAG Run:global_ecommerce_pipeline
[2026-07-07T05:46:05.264+0000] {logging_mixin.py:190} INFO - [2026-07-07T05:46:05.263+0000] {override.py:1912} INFO - Created Permission View: can delete on DAG Run:global_ecommerce_pipeline
[2026-07-07T05:46:05.266+0000] {logging_mixin.py:190} INFO - [2026-07-07T05:46:05.266+0000] {dag.py:3239} INFO - Sync 1 DAGs
[2026-07-07T05:46:05.294+0000] {logging_mixin.py:190} INFO - [2026-07-07T05:46:05.293+0000] {dag.py:3262} INFO - Creating ORM DAG for global_ecommerce_pipeline
[2026-07-07T05:46:05.322+0000] {logging_mixin.py:190} INFO - [2026-07-07T05:46:05.321+0000] {dag.py:4180} INFO - Setting next_dagrun for global_ecommerce_pipeline to 2026-07-06 00:00:00+00:00, run_after=2026-07-07 00:00:00+00:00
[2026-07-07T05:46:05.406+0000] {processor.py:208} INFO - Processing /opt/airflow/dags/ecommerce_pipeline.py took 0.796 seconds
[2026-07-07T05:46:36.360+0000] {processor.py:186} INFO - Started process (PID=176) to work on /opt/airflow/dags/ecommerce_pipeline.py
[2026-07-07T05:46:36.369+0000] {processor.py:914} INFO - Processing file /opt/airflow/dags/ecommerce_pipeline.py for tasks to queue
[2026-07-07T05:46:36.763+0000] {logging_mixin.py:190} INFO - [2026-07-07T05:46:36.747+0000] {dagbag.py:588} INFO - Filling up the DagBag from /opt/airflow/dags/ecommerce_pipeline.py
[2026-07-07T05:46:37.203+0000] {processor.py:925} INFO - DAG(s) 'global_ecommerce_pipeline' retrieved from /opt/airflow/dags/ecommerce_pipeline.py
[2026-07-07T05:46:37.559+0000] {logging_mixin.py:190} INFO - [2026-07-07T05:46:37.559+0000] {dag.py:3239} INFO - Sync 1 DAGs
[2026-07-07T05:46:37.846+0000] {logging_mixin.py:190} INFO - [2026-07-07T05:46:37.845+0000] {dag.py:4180} INFO - Setting next_dagrun for global_ecommerce_pipeline to 2026-07-06 00:00:00+00:00, run_after=2026-07-07 00:00:00+00:00
[2026-07-07T05:46:37.953+0000] {processor.py:208} INFO - Processing /opt/airflow/dags/ecommerce_pipeline.py took 1.840 seconds
[2026-07-07T05:47:08.704+0000] {processor.py:186} INFO - Started process (PID=181) to work on /opt/airflow/dags/ecommerce_pipeline.py
[2026-07-07T05:47:08.709+0000] {processor.py:914} INFO - Processing file /opt/airflow/dags/ecommerce_pipeline.py for tasks to queue
[2026-07-07T05:47:08.726+0000] {logging_mixin.py:190} INFO - [2026-07-07T05:47:08.724+0000] {dagbag.py:588} INFO - Filling up the DagBag from /opt/airflow/dags/ecommerce_pipeline.py
[2026-07-07T05:47:08.823+0000] {processor.py:925} INFO - DAG(s) 'global_ecommerce_pipeline' retrieved from /opt/airflow/dags/ecommerce_pipeline.py
[2026-07-07T05:47:08.952+0000] {logging_mixin.py:190} INFO - [2026-07-07T05:47:08.952+0000] {dag.py:3239} INFO - Sync 1 DAGs
[2026-07-07T05:47:09.020+0000] {logging_mixin.py:190} INFO - [2026-07-07T05:47:09.019+0000] {dag.py:4180} INFO - Setting next_dagrun for global_ecommerce_pipeline to 2026-07-06 00:00:00+00:00, run_after=2026-07-07 00:00:00+00:00
[2026-07-07T05:47:09.076+0000] {processor.py:208} INFO - Processing /opt/airflow/dags/ecommerce_pipeline.py took 0.411 seconds
[2026-07-07T05:47:39.594+0000] {processor.py:186} INFO - Started process (PID=186) to work on /opt/airflow/dags/ecommerce_pipeline.py
[2026-07-07T05:47:39.600+0000] {processor.py:914} INFO - Processing file /opt/airflow/dags/ecommerce_pipeline.py for tasks to queue
[2026-07-07T05:47:39.607+0000] {logging_mixin.py:190} INFO - [2026-07-07T05:47:39.606+0000] {dagbag.py:588} INFO - Filling up the DagBag from /opt/airflow/dags/ecommerce_pipeline.py
[2026-07-07T05:47:39.699+0000] {processor.py:925} INFO - DAG(s) 'global_ecommerce_pipeline' retrieved from /opt/airflow/dags/ecommerce_pipeline.py
[2026-07-07T05:47:39.782+0000] {logging_mixin.py:190} INFO - [2026-07-07T05:47:39.781+0000] {dag.py:3239} INFO - Sync 1 DAGs
[2026-07-07T05:47:39.844+0000] {logging_mixin.py:190} INFO - [2026-07-07T05:47:39.843+0000] {dag.py:4180} INFO - Setting next_dagrun for global_ecommerce_pipeline to 2026-07-06 00:00:00+00:00, run_after=2026-07-07 00:00:00+00:00
[2026-07-07T05:47:39.912+0000] {processor.py:208} INFO - Processing /opt/airflow/dags/ecommerce_pipeline.py took 0.329 seconds
[2026-07-07T05:48:10.090+0000] {processor.py:186} INFO - Started process (PID=191) to work on /opt/airflow/dags/ecommerce_pipeline.py
[2026-07-07T05:48:10.095+0000] {processor.py:914} INFO - Processing file /opt/airflow/dags/ecommerce_pipeline.py for tasks to queue
[2026-07-07T05:48:10.100+0000] {logging_mixin.py:190} INFO - [2026-07-07T05:48:10.099+0000] {dagbag.py:588} INFO - Filling up the DagBag from /opt/airflow/dags/ecommerce_pipeline.py
[2026-07-07T05:48:10.146+0000] {processor.py:925} INFO - DAG(s) 'global_ecommerce_pipeline' retrieved from /opt/airflow/dags/ecommerce_pipeline.py
[2026-07-07T05:48:10.212+0000] {logging_mixin.py:190} INFO - [2026-07-07T05:48:10.211+0000] {dag.py:3239} INFO - Sync 1 DAGs
[2026-07-07T05:48:10.244+0000] {logging_mixin.py:190} INFO - [2026-07-07T05:48:10.244+0000] {dag.py:4180} INFO - Setting next_dagrun for global_ecommerce_pipeline to 2026-07-06 00:00:00+00:00, run_after=2026-07-07 00:00:00+00:00
[2026-07-07T05:48:10.269+0000] {processor.py:208} INFO - Processing /opt/airflow/dags/ecommerce_pipeline.py took 0.199 seconds
[2026-07-07T05:48:40.484+0000] {processor.py:186} INFO - Started process (PID=196) to work on /opt/airflow/dags/ecommerce_pipeline.py
[2026-07-07T05:48:40.487+0000] {processor.py:914} INFO - Processing file /opt/airflow/dags/ecommerce_pipeline.py for tasks to queue
[2026-07-07T05:48:40.493+0000] {logging_mixin.py:190} INFO - [2026-07-07T05:48:40.492+0000] {dagbag.py:588} INFO - Filling up the DagBag from /opt/airflow/dags/ecommerce_pipeline.py
[2026-07-07T05:48:40.526+0000] {processor.py:925} INFO - DAG(s) 'global_ecommerce_pipeline' retrieved from /opt/airflow/dags/ecommerce_pipeline.py
[2026-07-07T05:48:40.579+0000] {logging_mixin.py:190} INFO - [2026-07-07T05:48:40.578+0000] {dag.py:3239} INFO - Sync 1 DAGs
[2026-07-07T05:48:40.617+0000] {logging_mixin.py:190} INFO - [2026-07-07T05:48:40.617+0000] {dag.py:4180} INFO - Setting next_dagrun for global_ecommerce_pipeline to 2026-07-06 00:00:00+00:00, run_after=2026-07-07 00:00:00+00:00
[2026-07-07T05:48:40.657+0000] {processor.py:208} INFO - Processing /opt/airflow/dags/ecommerce_pipeline.py took 0.181 seconds
[2026-07-07T05:49:11.315+0000] {processor.py:186} INFO - Started process (PID=202) to work on /opt/airflow/dags/ecommerce_pipeline.py
[2026-07-07T05:49:11.329+0000] {processor.py:914} INFO - Processing file /opt/airflow/dags/ecommerce_pipeline.py for tasks to queue
[2026-07-07T05:49:11.367+0000] {logging_mixin.py:190} INFO - [2026-07-07T05:49:11.362+0000] {dagbag.py:588} INFO - Filling up the DagBag from /opt/airflow/dags/ecommerce_pipeline.py
[2026-07-07T05:49:11.479+0000] {processor.py:925} INFO - DAG(s) 'global_ecommerce_pipeline' retrieved from /opt/airflow/dags/ecommerce_pipeline.py
[2026-07-07T05:49:11.630+0000] {logging_mixin.py:190} INFO - [2026-07-07T05:49:11.629+0000] {dag.py:3239} INFO - Sync 1 DAGs
[2026-07-07T05:49:11.906+0000] {processor.py:208} INFO - Processing /opt/airflow/dags/ecommerce_pipeline.py took 0.693 seconds
[2026-07-07T05:49:42.419+0000] {processor.py:186} INFO - Started process (PID=211) to work on /opt/airflow/dags/ecommerce_pipeline.py
[2026-07-07T05:49:42.432+0000] {processor.py:914} INFO - Processing file /opt/airflow/dags/ecommerce_pipeline.py for tasks to queue
[2026-07-07T05:49:42.446+0000] {logging_mixin.py:190} INFO - [2026-07-07T05:49:42.443+0000] {dagbag.py:588} INFO - Filling up the DagBag from /opt/airflow/dags/ecommerce_pipeline.py
[2026-07-07T05:49:42.545+0000] {processor.py:925} INFO - DAG(s) 'global_ecommerce_pipeline' retrieved from /opt/airflow/dags/ecommerce_pipeline.py
[2026-07-07T05:49:42.781+0000] {logging_mixin.py:190} INFO - [2026-07-07T05:49:42.780+0000] {dag.py:3239} INFO - Sync 1 DAGs
[2026-07-07T05:49:43.075+0000] {processor.py:208} INFO - Processing /opt/airflow/dags/ecommerce_pipeline.py took 0.694 seconds
[2026-07-07T05:50:13.558+0000] {processor.py:186} INFO - Started process (PID=234) to work on /opt/airflow/dags/ecommerce_pipeline.py
[2026-07-07T05:50:13.561+0000] {processor.py:914} INFO - Processing file /opt/airflow/dags/ecommerce_pipeline.py for tasks to queue
[2026-07-07T05:50:13.569+0000] {logging_mixin.py:190} INFO - [2026-07-07T05:50:13.568+0000] {dagbag.py:588} INFO - Filling up the DagBag from /opt/airflow/dags/ecommerce_pipeline.py
[2026-07-07T05:50:13.685+0000] {processor.py:925} INFO - DAG(s) 'global_ecommerce_pipeline' retrieved from /opt/airflow/dags/ecommerce_pipeline.py
[2026-07-07T05:50:13.891+0000] {logging_mixin.py:190} INFO - [2026-07-07T05:50:13.889+0000] {dag.py:3239} INFO - Sync 1 DAGs
[2026-07-07T05:50:14.169+0000] {processor.py:208} INFO - Processing /opt/airflow/dags/ecommerce_pipeline.py took 0.634 seconds
[2026-07-07T05:50:44.479+0000] {processor.py:186} INFO - Started process (PID=243) to work on /opt/airflow/dags/ecommerce_pipeline.py
[2026-07-07T05:50:44.483+0000] {processor.py:914} INFO - Processing file /opt/airflow/dags/ecommerce_pipeline.py for tasks to queue
[2026-07-07T05:50:44.492+0000] {logging_mixin.py:190} INFO - [2026-07-07T05:50:44.491+0000] {dagbag.py:588} INFO - Filling up the DagBag from /opt/airflow/dags/ecommerce_pipeline.py
[2026-07-07T05:50:44.549+0000] {processor.py:925} INFO - DAG(s) 'global_ecommerce_pipeline' retrieved from /opt/airflow/dags/ecommerce_pipeline.py
[2026-07-07T05:50:44.601+0000] {logging_mixin.py:190} INFO - [2026-07-07T05:50:44.601+0000] {dag.py:3239} INFO - Sync 1 DAGs
[2026-07-07T05:50:44.666+0000] {processor.py:208} INFO - Processing /opt/airflow/dags/ecommerce_pipeline.py took 0.200 seconds
[2026-07-07T05:51:15.126+0000] {processor.py:186} INFO - Started process (PID=248) to work on /opt/airflow/dags/ecommerce_pipeline.py
[2026-07-07T05:51:15.128+0000] {processor.py:914} INFO - Processing file /opt/airflow/dags/ecommerce_pipeline.py for tasks to queue
[2026-07-07T05:51:15.132+0000] {logging_mixin.py:190} INFO - [2026-07-07T05:51:15.132+0000] {dagbag.py:588} INFO - Filling up the DagBag from /opt/airflow/dags/ecommerce_pipeline.py
[2026-07-07T05:51:15.191+0000] {processor.py:925} INFO - DAG(s) 'global_ecommerce_pipeline' retrieved from /opt/airflow/dags/ecommerce_pipeline.py
[2026-07-07T05:51:15.239+0000] {logging_mixin.py:190} INFO - [2026-07-07T05:51:15.238+0000] {dag.py:3239} INFO - Sync 1 DAGs
[2026-07-07T05:51:15.304+0000] {processor.py:208} INFO - Processing /opt/airflow/dags/ecommerce_pipeline.py took 0.186 seconds
[2026-07-07T05:51:45.536+0000] {processor.py:186} INFO - Started process (PID=253) to work on /opt/airflow/dags/ecommerce_pipeline.py
[2026-07-07T05:51:45.541+0000] {processor.py:914} INFO - Processing file /opt/airflow/dags/ecommerce_pipeline.py for tasks to queue
[2026-07-07T05:51:45.545+0000] {logging_mixin.py:190} INFO - [2026-07-07T05:51:45.544+0000] {dagbag.py:588} INFO - Filling up the DagBag from /opt/airflow/dags/ecommerce_pipeline.py
[2026-07-07T05:51:45.596+0000] {processor.py:925} INFO - DAG(s) 'global_ecommerce_pipeline' retrieved from /opt/airflow/dags/ecommerce_pipeline.py
[2026-07-07T05:51:45.659+0000] {logging_mixin.py:190} INFO - [2026-07-07T05:51:45.659+0000] {dag.py:3239} INFO - Sync 1 DAGs
[2026-07-07T05:51:45.842+0000] {processor.py:208} INFO - Processing /opt/airflow/dags/ecommerce_pipeline.py took 0.316 seconds
[2026-07-07T05:52:00.952+0000] {processor.py:186} INFO - Started process (PID=258) to work on /opt/airflow/dags/ecommerce_pipeline.py
[2026-07-07T05:52:00.963+0000] {processor.py:914} INFO - Processing file /opt/airflow/dags/ecommerce_pipeline.py for tasks to queue
[2026-07-07T05:52:00.969+0000] {logging_mixin.py:190} INFO - [2026-07-07T05:52:00.968+0000] {dagbag.py:588} INFO - Filling up the DagBag from /opt/airflow/dags/ecommerce_pipeline.py
[2026-07-07T05:52:01.054+0000] {processor.py:925} INFO - DAG(s) 'global_ecommerce_pipeline' retrieved from /opt/airflow/dags/ecommerce_pipeline.py
[2026-07-07T05:52:01.962+0000] {logging_mixin.py:190} INFO - [2026-07-07T05:52:01.961+0000] {dag.py:3239} INFO - Sync 1 DAGs
[2026-07-07T05:52:02.053+0000] {processor.py:208} INFO - Processing /opt/airflow/dags/ecommerce_pipeline.py took 1.110 seconds
[2026-07-07T05:52:10.294+0000] {processor.py:186} INFO - Started process (PID=263) to work on /opt/airflow/dags/ecommerce_pipeline.py
[2026-07-07T05:52:10.297+0000] {processor.py:914} INFO - Processing file /opt/airflow/dags/ecommerce_pipeline.py for tasks to queue
[2026-07-07T05:52:10.305+0000] {logging_mixin.py:190} INFO - [2026-07-07T05:52:10.303+0000] {dagbag.py:588} INFO - Filling up the DagBag from /opt/airflow/dags/ecommerce_pipeline.py
[2026-07-07T05:52:10.446+0000] {processor.py:925} INFO - DAG(s) 'global_ecommerce_pipeline' retrieved from /opt/airflow/dags/ecommerce_pipeline.py
[2026-07-07T05:52:10.487+0000] {logging_mixin.py:190} INFO - [2026-07-07T05:52:10.487+0000] {dag.py:3239} INFO - Sync 1 DAGs
[2026-07-07T05:52:10.664+0000] {processor.py:208} INFO - Processing /opt/airflow/dags/ecommerce_pipeline.py took 0.376 seconds
[2026-07-07T05:52:33.607+0000] {processor.py:186} INFO - Started process (PID=272) to work on /opt/airflow/dags/ecommerce_pipeline.py
[2026-07-07T05:52:33.610+0000] {processor.py:914} INFO - Processing file /opt/airflow/dags/ecommerce_pipeline.py for tasks to queue
[2026-07-07T05:52:33.614+0000] {logging_mixin.py:190} INFO - [2026-07-07T05:52:33.614+0000] {dagbag.py:588} INFO - Filling up the DagBag from /opt/airflow/dags/ecommerce_pipeline.py
[2026-07-07T05:52:33.713+0000] {processor.py:925} INFO - DAG(s) 'global_ecommerce_pipeline' retrieved from /opt/airflow/dags/ecommerce_pipeline.py
[2026-07-07T05:52:33.929+0000] {logging_mixin.py:190} INFO - [2026-07-07T05:52:33.929+0000] {dag.py:3239} INFO - Sync 1 DAGs
[2026-07-07T05:52:34.073+0000] {processor.py:208} INFO - Processing /opt/airflow/dags/ecommerce_pipeline.py took 0.489 seconds
[2026-07-07T05:52:43.193+0000] {processor.py:186} INFO - Started process (PID=277) to work on /opt/airflow/dags/ecommerce_pipeline.py
[2026-07-07T05:52:43.196+0000] {processor.py:914} INFO - Processing file /opt/airflow/dags/ecommerce_pipeline.py for tasks to queue
[2026-07-07T05:52:43.204+0000] {logging_mixin.py:190} INFO - [2026-07-07T05:52:43.203+0000] {dagbag.py:588} INFO - Filling up the DagBag from /opt/airflow/dags/ecommerce_pipeline.py
[2026-07-07T05:52:43.303+0000] {processor.py:925} INFO - DAG(s) 'global_ecommerce_pipeline' retrieved from /opt/airflow/dags/ecommerce_pipeline.py
[2026-07-07T05:52:43.334+0000] {logging_mixin.py:190} INFO - [2026-07-07T05:52:43.334+0000] {dag.py:3239} INFO - Sync 1 DAGs
[2026-07-07T05:52:43.422+0000] {processor.py:208} INFO - Processing /opt/airflow/dags/ecommerce_pipeline.py took 0.246 seconds
