[2026-07-07T05:49:48.132+0000] {local_task_job_runner.py:123} INFO - ::group::Pre task execution logs
[2026-07-07T05:49:48.162+0000] {taskinstance.py:2614} INFO - Dependencies all met for dep_context=non-requeueable deps ti=<TaskInstance: global_ecommerce_pipeline.load_snowflake scheduled__2026-07-06T00:00:00+00:00 [queued]>
[2026-07-07T05:49:48.174+0000] {taskinstance.py:2614} INFO - Dependencies all met for dep_context=requeueable deps ti=<TaskInstance: global_ecommerce_pipeline.load_snowflake scheduled__2026-07-06T00:00:00+00:00 [queued]>
[2026-07-07T05:49:48.177+0000] {taskinstance.py:2867} INFO - Starting attempt 1 of 3
[2026-07-07T05:49:48.226+0000] {taskinstance.py:2890} INFO - Executing <Task(BashOperator): load_snowflake> on 2026-07-06 00:00:00+00:00
[2026-07-07T05:49:48.285+0000] {standard_task_runner.py:104} INFO - Running: ['***', 'tasks', 'run', 'global_ecommerce_pipeline', 'load_snowflake', 'scheduled__2026-07-06T00:00:00+00:00', '--job-id', '3', '--raw', '--subdir', 'DAGS_FOLDER/ecommerce_pipeline.py', '--cfg-path', '/tmp/tmp9np8ffge']
[2026-07-07T05:49:48.293+0000] {standard_task_runner.py:105} INFO - Job 3: Subtask load_snowflake
[2026-07-07T05:49:48.304+0000] {logging_mixin.py:190} WARNING - /home/***/.local/lib/python3.12/site-packages/***/task/task_runner/standard_task_runner.py:70 DeprecationWarning: This process (pid=216) is multi-threaded, use of fork() may lead to deadlocks in the child.
[2026-07-07T05:49:48.311+0000] {standard_task_runner.py:72} INFO - Started process 217 to run task
[2026-07-07T05:49:48.426+0000] {task_command.py:467} INFO - Running <TaskInstance: global_ecommerce_pipeline.load_snowflake scheduled__2026-07-06T00:00:00+00:00 [running]> on host d618ba97e01f
[2026-07-07T05:49:48.580+0000] {taskinstance.py:3134} INFO - Exporting env vars: AIRFLOW_CTX_DAG_OWNER='Data Engineering' AIRFLOW_CTX_DAG_ID='global_ecommerce_pipeline' AIRFLOW_CTX_TASK_ID='load_snowflake' AIRFLOW_CTX_EXECUTION_DATE='2026-07-06T00:00:00+00:00' AIRFLOW_CTX_TRY_NUMBER='1' AIRFLOW_CTX_DAG_RUN_ID='scheduled__2026-07-06T00:00:00+00:00'
[2026-07-07T05:49:48.582+0000] {taskinstance.py:732} INFO - ::endgroup::
[2026-07-07T05:49:48.624+0000] {subprocess.py:78} INFO - Tmp dir root location: /tmp
[2026-07-07T05:49:48.629+0000] {subprocess.py:88} INFO - Running command: ['/usr/bin/bash', '-c', '\n        cd /opt/***/project &&\n        python snowflake/load_raw_data.py\n        ']
[2026-07-07T05:49:48.651+0000] {subprocess.py:99} INFO - Output:
[2026-07-07T05:50:16.586+0000] {subprocess.py:106} INFO - /opt/***/project/data/raw
[2026-07-07T05:50:16.589+0000] {subprocess.py:106} INFO - Loaded users_2026_07_07_075250.json -> RAW_USERS
[2026-07-07T05:50:16.592+0000] {subprocess.py:106} INFO - Loaded products_2026_07_07_075252.json -> RAW_PRODUCTS
[2026-07-07T05:50:16.594+0000] {subprocess.py:106} INFO - Loaded carts_2026_07_07_075253.json -> RAW_CARTS
[2026-07-07T05:50:16.595+0000] {subprocess.py:106} INFO - Loaded posts_2026_07_07_075254.json -> RAW_POSTS
[2026-07-07T05:50:16.597+0000] {subprocess.py:106} INFO - Loaded comments_2026_07_07_075255.json -> RAW_COMMENTS
[2026-07-07T05:50:16.598+0000] {subprocess.py:106} INFO - Loaded quotes_2026_07_07_075255.json -> RAW_QUOTES
[2026-07-07T05:50:16.601+0000] {subprocess.py:106} INFO - Loaded recipes_2026_07_07_075256.json -> RAW_RECIPES
[2026-07-07T05:50:16.602+0000] {subprocess.py:106} INFO - Loaded categories_2026_07_07_075256.json -> RAW_CATEGORIES
[2026-07-07T05:50:16.904+0000] {subprocess.py:110} INFO - Command exited with return code 0
[2026-07-07T05:50:16.945+0000] {taskinstance.py:341} INFO - ::group::Post task execution logs
[2026-07-07T05:50:16.947+0000] {taskinstance.py:353} INFO - Marking task as SUCCESS. dag_id=global_ecommerce_pipeline, task_id=load_snowflake, run_id=scheduled__2026-07-06T00:00:00+00:00, execution_date=20260706T000000, start_date=20260707T054948, end_date=20260707T055016
[2026-07-07T05:50:17.029+0000] {local_task_job_runner.py:266} INFO - Task exited with return code 0
[2026-07-07T05:50:17.070+0000] {taskinstance.py:3901} INFO - 1 downstream tasks scheduled from follow-on schedule check
[2026-07-07T05:50:17.073+0000] {local_task_job_runner.py:245} INFO - ::endgroup::
